\BOOKMARK [1][]{section.1}{1 Introduction}{}% 1
\BOOKMARK [2][]{subsection.1.1}{1.1 Installing and loading ELMER}{section.1}% 2
\BOOKMARK [1][]{section.2}{2 Download example data}{}% 3
\BOOKMARK [1][]{section.3}{3 Quick start: running TCGA example}{}% 4
\BOOKMARK [1][]{section.4}{4 Input data}{}% 5
\BOOKMARK [2][]{subsection.4.1}{4.1 DNA methylation data}{section.4}% 6
\BOOKMARK [2][]{subsection.4.2}{4.2 Gene expression data}{section.4}% 7
\BOOKMARK [2][]{subsection.4.3}{4.3 Sample information}{section.4}% 8
\BOOKMARK [2][]{subsection.4.4}{4.4 Probe information}{section.4}% 9
\BOOKMARK [2][]{subsection.4.5}{4.5 Gene information}{section.4}% 10
\BOOKMARK [2][]{subsection.4.6}{4.6 MEE.data}{section.4}% 11
\BOOKMARK [1][]{section.5}{5 Illustration of ELMER analysis steps}{}% 12
\BOOKMARK [2][]{subsection.5.1}{5.1 Selection of probes within biofeatures}{section.5}% 13
\BOOKMARK [2][]{subsection.5.2}{5.2 Identifying differentially methylated probes}{section.5}% 14
\BOOKMARK [2][]{subsection.5.3}{5.3 Identifying putative probe-gene pairs}{section.5}% 15
\BOOKMARK [2][]{subsection.5.4}{5.4 Motif enrichment analysis on the selected probes}{section.5}% 16
\BOOKMARK [2][]{subsection.5.5}{5.5 Identifying regulatory TF}{section.5}% 17
\BOOKMARK [1][]{section.6}{6 Generating figures}{}% 18
\BOOKMARK [2][]{subsection.6.1}{6.1 Scatter plots}{section.6}% 19
\BOOKMARK [3][]{subsubsection.6.1.1}{6.1.1 Scatter Plot of 20 nearby genes}{subsection.6.1}% 20
\BOOKMARK [3][]{subsubsection.6.1.2}{6.1.2 Scatter Plot of One Pair}{subsection.6.1}% 21
\BOOKMARK [3][]{subsubsection.6.1.3}{6.1.3 TF expression vs. average DNA methylation}{subsection.6.1}% 22
\BOOKMARK [2][]{subsection.6.2}{6.2 Schematic plot}{section.6}% 23
\BOOKMARK [3][]{subsubsection.6.2.1}{6.2.1 Nearby Genes}{subsection.6.2}% 24
\BOOKMARK [3][]{subsubsection.6.2.2}{6.2.2 Nearby Probes}{subsection.6.2}% 25
\BOOKMARK [2][]{subsection.6.3}{6.3 Motif enrichment plot}{section.6}% 26
\BOOKMARK [2][]{subsection.6.4}{6.4 TF ranking plot}{section.6}% 27
